c:\users\lenovo\source\repos\opennn\x64\debug\vc143.pdb
c:\users\lenovo\source\repos\opennn\x64\debug\vc143.idb
c:\users\lenovo\source\repos\opennn\x64\debug\opennn.obj
c:\users\lenovo\source\repos\opennn\x64\debug\clstransferscreen.new.obj.enc
c:\users\lenovo\source\repos\opennn\x64\debug\opennn.new.obj.enc
c:\users\lenovo\source\repos\opennn\x64\debug\opennn.pdb
c:\users\lenovo\source\repos\opennn\x64\debug\opennn.tlog\cl.command.1.tlog
c:\users\lenovo\source\repos\opennn\x64\debug\opennn.tlog\cl.items.tlog
c:\users\lenovo\source\repos\opennn\x64\debug\opennn.tlog\cl.read.1.tlog
c:\users\lenovo\source\repos\opennn\x64\debug\opennn.tlog\cl.write.1.tlog
c:\users\lenovo\source\repos\opennn\x64\debug\opennn.tlog\link.12000-cvtres.read.1.tlog
c:\users\lenovo\source\repos\opennn\x64\debug\opennn.tlog\link.12000-cvtres.write.1.tlog
c:\users\lenovo\source\repos\opennn\x64\debug\opennn.tlog\link.12000-rc.read.1.tlog
c:\users\lenovo\source\repos\opennn\x64\debug\opennn.tlog\link.12000-rc.write.1.tlog
c:\users\lenovo\source\repos\opennn\x64\debug\opennn.tlog\link.12000.read.1.tlog
c:\users\lenovo\source\repos\opennn\x64\debug\opennn.tlog\link.12000.read.2.tlog
c:\users\lenovo\source\repos\opennn\x64\debug\opennn.tlog\link.12000.write.1.tlog
c:\users\lenovo\source\repos\opennn\x64\debug\opennn.tlog\link.command.1.tlog
c:\users\lenovo\source\repos\opennn\x64\debug\opennn.tlog\link.read.1.tlog
c:\users\lenovo\source\repos\opennn\x64\debug\opennn.tlog\link.write.1.tlog
